[2021-05-25T14:53:42.687] [DEBUG] cheese - login => username:admin,password:123456
[2021-05-25T14:53:42.688] [DEBUG] cheese - admin
[2021-05-25T14:53:42.703] [DEBUG] cheese - null
[2021-05-25T14:53:42.703] [DEBUG] cheese - null
[2022-01-29T18:08:16.177] [DEBUG] cheese - login => username:admin,password:123456
[2022-01-29T18:08:16.179] [DEBUG] cheese - admin
[2022-01-29T18:08:16.193] [DEBUG] cheese - null
[2022-01-29T18:08:16.194] [DEBUG] cheese - null
[2022-01-29T19:14:08.752] [DEBUG] cheese - login => username:zs1,password:123456
[2022-01-29T19:14:08.753] [DEBUG] cheese - zs1
[2022-01-29T19:14:08.854] [DEBUG] cheese - null
[2022-01-29T19:14:08.854] [DEBUG] cheese - null
[2022-01-29T19:14:09.776] [DEBUG] cheese - login => username:zs1,password:123456
[2022-01-29T19:14:09.776] [DEBUG] cheese - zs1
[2022-01-29T19:14:09.784] [DEBUG] cheese - null
[2022-01-29T19:14:09.784] [DEBUG] cheese - null
[2022-01-29T19:14:57.819] [DEBUG] cheese - login => username:zs1,password:123456
[2022-01-29T19:14:57.819] [DEBUG] cheese - zs1
[2022-01-29T19:14:57.829] [DEBUG] cheese - null
[2022-01-29T19:14:57.829] [DEBUG] cheese - null
[2022-01-29T19:18:54.009] [DEBUG] cheese - login => username:zs1,password:123456
[2022-01-29T19:18:54.010] [DEBUG] cheese - zs1
[2022-01-29T19:18:54.014] [DEBUG] cheese - null
[2022-01-29T19:18:54.014] [DEBUG] cheese - null
[2022-01-29T19:25:21.364] [DEBUG] cheese - login => username:zs1,password:123456
[2022-01-29T19:25:21.364] [DEBUG] cheese - zs1
[2022-01-29T19:25:21.372] [DEBUG] cheese - null
[2022-01-29T19:25:21.372] [DEBUG] cheese - null
[2022-01-29T19:25:33.016] [DEBUG] cheese - login => username:zs1,password:123456
[2022-01-29T19:25:33.016] [DEBUG] cheese - zs1
[2022-01-29T19:25:33.019] [DEBUG] cheese - null
[2022-01-29T19:25:33.020] [DEBUG] cheese - null
[2022-01-29T19:27:09.701] [DEBUG] cheese - login => username:zs1,password:123456
[2022-01-29T19:27:09.701] [DEBUG] cheese - zs1
[2022-01-29T19:27:09.710] [DEBUG] cheese - null
[2022-01-29T19:27:09.712] [DEBUG] cheese - null
[2022-01-29T19:27:24.476] [DEBUG] cheese - login => username:zs1,password:123456
[2022-01-29T19:27:24.476] [DEBUG] cheese - zs1
[2022-01-29T19:27:24.484] [DEBUG] cheese - null
[2022-01-29T19:27:24.484] [DEBUG] cheese - null
[2022-01-29T19:28:54.688] [DEBUG] cheese - login => username:zs1,password:123456
[2022-01-29T19:28:54.688] [DEBUG] cheese - zs1
[2022-01-29T19:28:54.700] [DEBUG] cheese - null
[2022-01-29T19:28:54.701] [DEBUG] cheese - null
[2022-01-29T19:29:10.554] [DEBUG] cheese - login => username:admin,password:123456
[2022-01-29T19:29:10.555] [DEBUG] cheese - admin
[2022-01-29T19:29:10.590] [DEBUG] cheese - null
[2022-01-29T19:29:10.591] [DEBUG] cheese - null
[2022-01-29T20:42:14.028] [DEBUG] cheese - login => username:zs1,password:123456
[2022-01-29T20:42:14.030] [DEBUG] cheese - zs1
[2022-01-29T20:42:14.134] [DEBUG] cheese - null
[2022-01-29T20:42:14.135] [DEBUG] cheese - null
[2022-01-29T20:42:17.828] [DEBUG] cheese - login => username:zs1,password:123456
[2022-01-29T20:42:17.829] [DEBUG] cheese - zs1
[2022-01-29T20:42:17.835] [DEBUG] cheese - null
[2022-01-29T20:42:17.836] [DEBUG] cheese - null
[2022-01-29T20:42:22.853] [DEBUG] cheese - login => username:admin,password:123456
[2022-01-29T20:42:22.853] [DEBUG] cheese - admin
[2022-01-29T20:42:22.879] [DEBUG] cheese - null
[2022-01-29T20:42:22.880] [DEBUG] cheese - null
[2022-01-30T09:22:04.797] [DEBUG] cheese - login => username:admin,password:123456
[2022-01-30T09:22:04.798] [DEBUG] cheese - admin
[2022-01-30T09:22:04.809] [DEBUG] cheese - null
[2022-01-30T09:22:04.809] [DEBUG] cheese - null
[2022-01-30T09:22:04.962] [DEBUG] cheese - login => username:admin,password:123456
[2022-01-30T09:22:04.962] [DEBUG] cheese - admin
[2022-01-30T09:22:04.972] [DEBUG] cheese - null
[2022-01-30T09:22:04.972] [DEBUG] cheese - null
[2022-01-30T09:22:05.157] [DEBUG] cheese - login => username:admin,password:123456
[2022-01-30T09:22:05.157] [DEBUG] cheese - admin
[2022-01-30T09:22:05.160] [DEBUG] cheese - null
[2022-01-30T09:22:05.160] [DEBUG] cheese - null
[2022-01-30T09:22:05.332] [DEBUG] cheese - login => username:admin,password:123456
[2022-01-30T09:22:05.332] [DEBUG] cheese - admin
[2022-01-30T09:22:05.338] [DEBUG] cheese - null
[2022-01-30T09:22:05.338] [DEBUG] cheese - null
[2022-01-30T09:22:05.516] [DEBUG] cheese - login => username:admin,password:123456
[2022-01-30T09:22:05.516] [DEBUG] cheese - admin
[2022-01-30T09:22:05.517] [DEBUG] cheese - null
[2022-01-30T09:22:05.518] [DEBUG] cheese - null
[2022-01-30T09:22:05.701] [DEBUG] cheese - login => username:admin,password:123456
[2022-01-30T09:22:05.701] [DEBUG] cheese - admin
[2022-01-30T09:22:05.703] [DEBUG] cheese - null
[2022-01-30T09:22:05.703] [DEBUG] cheese - null
[2022-01-30T09:22:05.874] [DEBUG] cheese - login => username:admin,password:123456
[2022-01-30T09:22:05.874] [DEBUG] cheese - admin
[2022-01-30T09:22:05.882] [DEBUG] cheese - null
[2022-01-30T09:22:05.883] [DEBUG] cheese - null
[2022-01-30T09:22:06.067] [DEBUG] cheese - login => username:admin,password:123456
[2022-01-30T09:22:06.067] [DEBUG] cheese - admin
[2022-01-30T09:22:06.069] [DEBUG] cheese - null
[2022-01-30T09:22:06.069] [DEBUG] cheese - null
[2022-01-30T09:22:10.971] [DEBUG] cheese - login => username:admin,password:123456
[2022-01-30T09:22:10.971] [DEBUG] cheese - admin
[2022-01-30T09:22:10.973] [DEBUG] cheese - null
[2022-01-30T09:22:10.973] [DEBUG] cheese - null
[2022-01-30T09:22:11.181] [DEBUG] cheese - login => username:admin,password:123456
[2022-01-30T09:22:11.181] [DEBUG] cheese - admin
[2022-01-30T09:22:11.183] [DEBUG] cheese - null
[2022-01-30T09:22:11.183] [DEBUG] cheese - null
[2022-01-30T09:22:11.386] [DEBUG] cheese - login => username:admin,password:123456
[2022-01-30T09:22:11.386] [DEBUG] cheese - admin
[2022-01-30T09:22:11.388] [DEBUG] cheese - null
[2022-01-30T09:22:11.388] [DEBUG] cheese - null
[2022-01-30T09:22:12.098] [DEBUG] cheese - login => username:admin,password:123456
[2022-01-30T09:22:12.098] [DEBUG] cheese - admin
[2022-01-30T09:22:12.101] [DEBUG] cheese - null
[2022-01-30T09:22:12.101] [DEBUG] cheese - null
[2022-01-30T09:22:12.290] [DEBUG] cheese - login => username:admin,password:123456
[2022-01-30T09:22:12.290] [DEBUG] cheese - admin
[2022-01-30T09:22:12.292] [DEBUG] cheese - null
[2022-01-30T09:22:12.292] [DEBUG] cheese - null
[2022-01-30T09:22:12.460] [DEBUG] cheese - login => username:admin,password:123456
[2022-01-30T09:22:12.460] [DEBUG] cheese - admin
[2022-01-30T09:22:12.464] [DEBUG] cheese - null
[2022-01-30T09:22:12.464] [DEBUG] cheese - null
[2022-01-30T09:22:12.695] [DEBUG] cheese - login => username:admin,password:123456
[2022-01-30T09:22:12.695] [DEBUG] cheese - admin
[2022-01-30T09:22:12.697] [DEBUG] cheese - null
[2022-01-30T09:22:12.698] [DEBUG] cheese - null
[2022-01-30T09:22:21.111] [DEBUG] cheese - login => username:admin,password:1234567
[2022-01-30T09:22:21.111] [DEBUG] cheese - admin
[2022-01-30T09:22:21.113] [DEBUG] cheese - null
[2022-01-30T09:22:21.113] [DEBUG] cheese - null
[2022-01-30T09:22:21.360] [DEBUG] cheese - login => username:admin,password:1234567
[2022-01-30T09:22:21.360] [DEBUG] cheese - admin
[2022-01-30T09:22:21.362] [DEBUG] cheese - null
[2022-01-30T09:22:21.362] [DEBUG] cheese - null
[2022-01-30T09:22:21.581] [DEBUG] cheese - login => username:admin,password:1234567
[2022-01-30T09:22:21.581] [DEBUG] cheese - admin
[2022-01-30T09:22:21.584] [DEBUG] cheese - null
[2022-01-30T09:22:21.584] [DEBUG] cheese - null
[2022-01-30T09:22:21.781] [DEBUG] cheese - login => username:admin,password:1234567
[2022-01-30T09:22:21.781] [DEBUG] cheese - admin
[2022-01-30T09:22:21.784] [DEBUG] cheese - null
[2022-01-30T09:22:21.785] [DEBUG] cheese - null
[2022-01-30T09:22:21.940] [DEBUG] cheese - login => username:admin,password:1234567
[2022-01-30T09:22:21.940] [DEBUG] cheese - admin
[2022-01-30T09:22:21.942] [DEBUG] cheese - null
[2022-01-30T09:22:21.942] [DEBUG] cheese - null
[2022-01-30T09:22:22.118] [DEBUG] cheese - login => username:admin,password:1234567
[2022-01-30T09:22:22.118] [DEBUG] cheese - admin
[2022-01-30T09:22:22.121] [DEBUG] cheese - null
[2022-01-30T09:22:22.121] [DEBUG] cheese - null
[2022-01-30T09:22:22.321] [DEBUG] cheese - login => username:admin,password:1234567
[2022-01-30T09:22:22.321] [DEBUG] cheese - admin
[2022-01-30T09:22:22.324] [DEBUG] cheese - null
[2022-01-30T09:22:22.324] [DEBUG] cheese - null
[2022-01-30T09:22:51.507] [DEBUG] cheese - login => username:admin,password:1234567
[2022-01-30T09:22:51.507] [DEBUG] cheese - admin
[2022-01-30T09:22:51.512] [DEBUG] cheese - null
[2022-01-30T09:22:51.512] [DEBUG] cheese - null
[2022-01-30T09:22:55.648] [DEBUG] cheese - login => username:admin,password:123456
[2022-01-30T09:22:55.648] [DEBUG] cheese - admin
[2022-01-30T09:22:55.650] [DEBUG] cheese - null
[2022-01-30T09:22:55.650] [DEBUG] cheese - null
[2022-01-30T09:23:29.630] [DEBUG] cheese - login => username:admin,password:123456
[2022-01-30T09:23:29.630] [DEBUG] cheese - admin
[2022-01-30T09:23:29.633] [DEBUG] cheese - null
[2022-01-30T09:23:29.633] [DEBUG] cheese - null
[2022-01-30T10:17:19.518] [DEBUG] cheese - login => username:admin,password:123456
[2022-01-30T10:17:19.524] [DEBUG] cheese - admin
[2022-01-30T10:17:19.560] [DEBUG] cheese - null
[2022-01-30T10:17:19.561] [DEBUG] cheese - null
[2022-01-30T10:20:17.933] [DEBUG] cheese - login => username:admin,password:123456
[2022-01-30T10:20:17.933] [DEBUG] cheese - admin
[2022-01-30T10:20:17.950] [DEBUG] cheese - null
[2022-01-30T10:20:17.950] [DEBUG] cheese - null
[2022-01-30T10:20:31.939] [DEBUG] cheese - login => username:admin,password:123456
[2022-01-30T10:20:31.939] [DEBUG] cheese - admin
[2022-01-30T10:20:31.946] [DEBUG] cheese - null
[2022-01-30T10:20:31.947] [DEBUG] cheese - null
[2022-01-30T10:21:50.814] [DEBUG] cheese - login => username:admin,password:123456
[2022-01-30T10:21:50.814] [DEBUG] cheese - admin
[2022-01-30T10:21:50.819] [DEBUG] cheese - null
[2022-01-30T10:21:50.819] [DEBUG] cheese - null
[2022-01-30T10:22:43.833] [DEBUG] cheese - login => username:admin,password:123456
[2022-01-30T10:22:43.833] [DEBUG] cheese - admin
[2022-01-30T10:22:43.842] [DEBUG] cheese - null
[2022-01-30T10:22:43.842] [DEBUG] cheese - null
[2022-01-30T10:22:55.254] [DEBUG] cheese - login => username:admin,password:123456
[2022-01-30T10:22:55.254] [DEBUG] cheese - admin
[2022-01-30T10:22:55.261] [DEBUG] cheese - null
[2022-01-30T10:22:55.261] [DEBUG] cheese - null
[2022-01-30T10:23:39.160] [DEBUG] cheese - login => username:admin,password:123456
[2022-01-30T10:23:39.160] [DEBUG] cheese - admin
[2022-01-30T10:23:39.166] [DEBUG] cheese - null
[2022-01-30T10:23:39.166] [DEBUG] cheese - null
[2022-01-30T10:23:40.411] [DEBUG] cheese - login => username:admin,password:123456
[2022-01-30T10:23:40.412] [DEBUG] cheese - admin
[2022-01-30T10:23:40.414] [DEBUG] cheese - null
[2022-01-30T10:23:40.414] [DEBUG] cheese - null
[2022-01-30T10:23:56.296] [DEBUG] cheese - login => username:admin,password:123456
[2022-01-30T10:23:56.296] [DEBUG] cheese - admin
[2022-01-30T10:23:56.299] [DEBUG] cheese - null
[2022-01-30T10:23:56.299] [DEBUG] cheese - null
[2022-01-30T10:26:45.364] [DEBUG] cheese - login => username:admin,password:123456
[2022-01-30T10:26:45.365] [DEBUG] cheese - admin
[2022-01-30T10:26:45.367] [DEBUG] cheese - null
[2022-01-30T10:26:45.367] [DEBUG] cheese - null
[2022-01-30T10:26:57.120] [DEBUG] cheese - login => username:admin,password:123456
[2022-01-30T10:26:57.120] [DEBUG] cheese - admin
[2022-01-30T10:26:57.126] [DEBUG] cheese - null
[2022-01-30T10:26:57.127] [DEBUG] cheese - null
[2022-01-30T10:27:43.906] [DEBUG] cheese - login => username:admin,password:123456
[2022-01-30T10:27:43.906] [DEBUG] cheese - admin
[2022-01-30T10:27:43.911] [DEBUG] cheese - null
[2022-01-30T10:27:43.912] [DEBUG] cheese - null
[2022-01-30T10:27:50.220] [DEBUG] cheese - login => username:admin,password:123456
[2022-01-30T10:27:50.224] [DEBUG] cheese - admin
[2022-01-30T10:27:50.226] [DEBUG] cheese - null
[2022-01-30T10:27:50.227] [DEBUG] cheese - null
[2022-01-30T10:30:32.833] [DEBUG] cheese - login => username:admin,password:123456
[2022-01-30T10:30:32.833] [DEBUG] cheese - admin
[2022-01-30T10:30:32.836] [DEBUG] cheese - null
[2022-01-30T10:30:32.836] [DEBUG] cheese - null
[2022-01-30T10:30:42.520] [DEBUG] cheese - login => username:admin,password:123456
[2022-01-30T10:30:42.521] [DEBUG] cheese - admin
[2022-01-30T10:30:42.533] [DEBUG] cheese - null
[2022-01-30T10:30:42.533] [DEBUG] cheese - null
[2022-01-30T10:31:19.315] [DEBUG] cheese - login => username:admin,password:123456
[2022-01-30T10:31:19.315] [DEBUG] cheese - admin
[2022-01-30T10:31:19.318] [DEBUG] cheese - null
[2022-01-30T10:31:19.318] [DEBUG] cheese - null
[2022-01-30T10:31:47.176] [DEBUG] cheese - login => username:admin,password:123456
[2022-01-30T10:31:47.176] [DEBUG] cheese - admin
[2022-01-30T10:31:47.179] [DEBUG] cheese - null
[2022-01-30T10:31:47.179] [DEBUG] cheese - null
[2022-01-30T10:31:55.022] [DEBUG] cheese - login => username:admin,password:123456
[2022-01-30T10:31:55.022] [DEBUG] cheese - admin
[2022-01-30T10:31:55.024] [DEBUG] cheese - null
[2022-01-30T10:31:55.024] [DEBUG] cheese - null
[2022-01-30T10:36:44.164] [DEBUG] cheese - login => username:admin,password:123456
[2022-01-30T10:36:44.165] [DEBUG] cheese - admin
[2022-01-30T10:36:44.176] [DEBUG] cheese - null
[2022-01-30T10:36:44.176] [DEBUG] cheese - null
[2022-01-30T10:36:50.123] [DEBUG] cheese - login => username:admin,password:123456
[2022-01-30T10:36:50.124] [DEBUG] cheese - admin
[2022-01-30T10:36:50.135] [DEBUG] cheese - null
[2022-01-30T10:36:50.136] [DEBUG] cheese - null
[2022-01-30T10:36:56.258] [DEBUG] cheese - login => username:admin,password:123456
[2022-01-30T10:36:56.258] [DEBUG] cheese - admin
[2022-01-30T10:36:56.261] [DEBUG] cheese - null
[2022-01-30T10:36:56.261] [DEBUG] cheese - null
[2022-01-30T10:41:56.009] [DEBUG] cheese - login => username:admin,password:123456
[2022-01-30T10:41:56.009] [DEBUG] cheese - admin
[2022-01-30T10:41:56.016] [DEBUG] cheese - null
[2022-01-30T10:41:56.016] [DEBUG] cheese - null
[2022-01-30T10:42:12.883] [DEBUG] cheese - login => username:admin,password:123456
[2022-01-30T10:42:12.883] [DEBUG] cheese - admin
[2022-01-30T10:42:12.885] [DEBUG] cheese - null
[2022-01-30T10:42:12.885] [DEBUG] cheese - null
[2022-01-30T10:42:26.990] [DEBUG] cheese - login => username:admin,password:123456
[2022-01-30T10:42:26.990] [DEBUG] cheese - admin
[2022-01-30T10:42:26.995] [DEBUG] cheese - null
[2022-01-30T10:42:26.995] [DEBUG] cheese - null
[2022-01-30T10:53:15.927] [DEBUG] cheese - login => username:admin,password:123456
[2022-01-30T10:53:15.927] [DEBUG] cheese - admin
[2022-01-30T10:53:15.935] [DEBUG] cheese - null
[2022-01-30T10:53:15.935] [DEBUG] cheese - null
[2022-01-30T10:53:20.056] [DEBUG] cheese - login => username:admin,password:123456
[2022-01-30T10:53:20.057] [DEBUG] cheese - admin
[2022-01-30T10:53:20.064] [DEBUG] cheese - null
[2022-01-30T10:53:20.064] [DEBUG] cheese - null
[2022-01-30T10:53:20.991] [DEBUG] cheese - login => username:admin,password:123456
[2022-01-30T10:53:20.991] [DEBUG] cheese - admin
[2022-01-30T10:53:20.993] [DEBUG] cheese - null
[2022-01-30T10:53:20.993] [DEBUG] cheese - null
[2022-01-30T10:56:00.401] [DEBUG] cheese - login => username:admin,password:123456
[2022-01-30T10:56:00.401] [DEBUG] cheese - admin
[2022-01-30T10:56:00.405] [DEBUG] cheese - null
[2022-01-30T10:56:00.405] [DEBUG] cheese - null
[2022-01-30T10:56:07.623] [DEBUG] cheese - login => username:admin,password:123456
[2022-01-30T10:56:07.623] [DEBUG] cheese - admin
[2022-01-30T10:56:07.626] [DEBUG] cheese - null
[2022-01-30T10:56:07.626] [DEBUG] cheese - null
[2022-01-30T10:57:25.427] [DEBUG] cheese - login => username:admin,password:123456
[2022-01-30T10:57:25.427] [DEBUG] cheese - admin
[2022-01-30T10:57:25.434] [DEBUG] cheese - null
[2022-01-30T10:57:25.434] [DEBUG] cheese - null
[2022-01-30T10:57:30.215] [DEBUG] cheese - login => username:admin,password:123456
[2022-01-30T10:57:30.215] [DEBUG] cheese - admin
[2022-01-30T10:57:30.218] [DEBUG] cheese - null
[2022-01-30T10:57:30.218] [DEBUG] cheese - null
[2022-01-30T10:57:57.151] [DEBUG] cheese - login => username:admin,password:123456
[2022-01-30T10:57:57.151] [DEBUG] cheese - admin
[2022-01-30T10:57:57.153] [DEBUG] cheese - null
[2022-01-30T10:57:57.153] [DEBUG] cheese - null
[2022-01-30T10:58:40.083] [DEBUG] cheese - login => username:admin,password:123456
[2022-01-30T10:58:40.083] [DEBUG] cheese - admin
[2022-01-30T10:58:40.085] [DEBUG] cheese - null
[2022-01-30T10:58:40.085] [DEBUG] cheese - null
[2022-01-30T11:00:18.555] [DEBUG] cheese - login => username:admin,password:123456
[2022-01-30T11:00:18.556] [DEBUG] cheese - admin
[2022-01-30T11:00:18.559] [DEBUG] cheese - null
[2022-01-30T11:00:18.559] [DEBUG] cheese - null
[2022-01-30T11:03:12.112] [DEBUG] cheese - login => username:admin,password:123456
[2022-01-30T11:03:12.113] [DEBUG] cheese - admin
[2022-01-30T11:03:12.118] [DEBUG] cheese - null
[2022-01-30T11:03:12.119] [DEBUG] cheese - null
[2022-01-30T11:03:14.312] [DEBUG] cheese - login => username:admin,password:123456
[2022-01-30T11:03:14.312] [DEBUG] cheese - admin
[2022-01-30T11:03:14.322] [DEBUG] cheese - null
[2022-01-30T11:03:14.322] [DEBUG] cheese - null
[2022-01-30T11:03:20.955] [DEBUG] cheese - login => username:admin,password:123456
[2022-01-30T11:03:20.955] [DEBUG] cheese - admin
[2022-01-30T11:03:20.958] [DEBUG] cheese - null
[2022-01-30T11:03:20.958] [DEBUG] cheese - null
[2022-01-30T11:03:44.471] [DEBUG] cheese - login => username:admin,password:123456
[2022-01-30T11:03:44.472] [DEBUG] cheese - admin
[2022-01-30T11:03:44.477] [DEBUG] cheese - null
[2022-01-30T11:03:44.477] [DEBUG] cheese - null
[2022-01-30T13:43:45.865] [DEBUG] cheese - login => username:admin,password:123456
[2022-01-30T13:43:45.866] [DEBUG] cheese - admin
[2022-01-30T13:43:45.871] [DEBUG] cheese - null
[2022-01-30T13:43:45.871] [DEBUG] cheese - null
[2022-01-30T16:35:03.215] [DEBUG] cheese - login => username:admin,password:123456
[2022-01-30T16:35:03.215] [DEBUG] cheese - admin
[2022-01-30T16:35:03.230] [DEBUG] cheese - null
[2022-01-30T16:35:03.230] [DEBUG] cheese - null
[2022-01-30T16:51:24.397] [DEBUG] cheese - login => username:admin,password:123456
[2022-01-30T16:51:24.398] [DEBUG] cheese - admin
[2022-01-30T16:51:24.407] [DEBUG] cheese - null
[2022-01-30T16:51:24.408] [DEBUG] cheese - null
[2022-01-30T16:51:37.167] [DEBUG] cheese - login => username:admin,password:123456
[2022-01-30T16:51:37.167] [DEBUG] cheese - admin
[2022-01-30T16:51:37.178] [DEBUG] cheese - null
[2022-01-30T16:51:37.178] [DEBUG] cheese - null
[2022-01-30T16:52:52.712] [DEBUG] cheese - login => username:admin,password:123456
[2022-01-30T16:52:52.712] [DEBUG] cheese - admin
[2022-01-30T16:52:52.720] [DEBUG] cheese - null
[2022-01-30T16:52:52.721] [DEBUG] cheese - null
[2022-01-30T16:56:51.172] [DEBUG] cheese - login => username:admin,password:123456
[2022-01-30T16:56:51.173] [DEBUG] cheese - admin
[2022-01-30T16:56:51.177] [DEBUG] cheese - null
[2022-01-30T16:56:51.177] [DEBUG] cheese - null
[2022-01-30T16:56:54.043] [DEBUG] cheese - login => username:admin,password:123456
[2022-01-30T16:56:54.059] [DEBUG] cheese - admin
[2022-01-30T16:56:54.067] [DEBUG] cheese - null
[2022-01-30T16:56:54.067] [DEBUG] cheese - null
